2026-02-22T00:45:25.173+05:30  INFO 21192 --- [restartedMain] c.l.h.HospitalRegistrationApplication    : Starting HospitalRegistrationApplication using Java 17.0.15 with PID 21192 (D:\HNDSE\final\LifeLink-Backend\hospital-ms\target\classes started by Kalpa in D:\HNDSE\final\LifeLink-Backend\hospital-ms)
2026-02-22T00:45:25.181+05:30  INFO 21192 --- [restartedMain] c.l.h.HospitalRegistrationApplication    : No active profile set, falling back to 1 default profile: "default"
2026-02-22T00:45:25.259+05:30  INFO 21192 --- [restartedMain] .e.DevToolsPropertyDefaultsPostProcessor : Devtools property defaults active! Set 'spring.devtools.add-properties' to 'false' to disable
2026-02-22T00:45:25.259+05:30  INFO 21192 --- [restartedMain] .e.DevToolsPropertyDefaultsPostProcessor : For additional web related logging consider setting the 'logging.level.web' property to 'DEBUG'
2026-02-22T00:45:26.595+05:30  INFO 21192 --- [restartedMain] o.s.b.w.embedded.tomcat.TomcatWebServer  : Tomcat initialized with port(s): 8083 (http)
2026-02-22T00:45:26.609+05:30  INFO 21192 --- [restartedMain] o.apache.catalina.core.StandardService   : Starting service [Tomcat]
2026-02-22T00:45:26.609+05:30  INFO 21192 --- [restartedMain] o.apache.catalina.core.StandardEngine    : Starting Servlet engine: [Apache Tomcat/10.1.15]
2026-02-22T00:45:26.689+05:30  INFO 21192 --- [restartedMain] o.a.c.c.C.[Tomcat].[localhost].[/]       : Initializing Spring embedded WebApplicationContext
2026-02-22T00:45:26.690+05:30  INFO 21192 --- [restartedMain] w.s.c.ServletWebServerApplicationContext : Root WebApplicationContext: initialization completed in 1430 ms
2026-02-22T00:45:27.803+05:30  INFO 21192 --- [restartedMain] o.s.b.d.a.OptionalLiveReloadServer       : LiveReload server is running on port 35729
2026-02-22T00:45:27.830+05:30  INFO 21192 --- [restartedMain] o.s.b.w.embedded.tomcat.TomcatWebServer  : Tomcat started on port(s): 8083 (http) with context path ''
2026-02-22T00:45:27.842+05:30  INFO 21192 --- [restartedMain] c.l.h.HospitalRegistrationApplication    : Started HospitalRegistrationApplication in 3.217 seconds (process running for 3.825)
2026-02-22T00:55:38.895+05:30  INFO 22896 --- [restartedMain] c.l.h.HospitalRegistrationApplication    : Starting HospitalRegistrationApplication using Java 17.0.15 with PID 22896 (D:\HNDSE\final\LifeLink-Backend\hospital-ms\target\classes started by Kalpa in D:\HNDSE\final\LifeLink-Backend\hospital-ms)
2026-02-22T00:55:38.900+05:30  INFO 22896 --- [restartedMain] c.l.h.HospitalRegistrationApplication    : No active profile set, falling back to 1 default profile: "default"
2026-02-22T00:55:38.998+05:30  INFO 22896 --- [restartedMain] .e.DevToolsPropertyDefaultsPostProcessor : Devtools property defaults active! Set 'spring.devtools.add-properties' to 'false' to disable
2026-02-22T00:55:38.998+05:30  INFO 22896 --- [restartedMain] .e.DevToolsPropertyDefaultsPostProcessor : For additional web related logging consider setting the 'logging.level.web' property to 'DEBUG'
2026-02-22T00:55:40.578+05:30  INFO 22896 --- [restartedMain] o.s.b.w.embedded.tomcat.TomcatWebServer  : Tomcat initialized with port(s): 8083 (http)
2026-02-22T00:55:40.595+05:30  INFO 22896 --- [restartedMain] o.apache.catalina.core.StandardService   : Starting service [Tomcat]
2026-02-22T00:55:40.595+05:30  INFO 22896 --- [restartedMain] o.apache.catalina.core.StandardEngine    : Starting Servlet engine: [Apache Tomcat/10.1.15]
2026-02-22T00:55:40.696+05:30  INFO 22896 --- [restartedMain] o.a.c.c.C.[Tomcat].[localhost].[/]       : Initializing Spring embedded WebApplicationContext
2026-02-22T00:55:40.697+05:30  INFO 22896 --- [restartedMain] w.s.c.ServletWebServerApplicationContext : Root WebApplicationContext: initialization completed in 1697 ms
2026-02-22T00:55:42.013+05:30  INFO 22896 --- [restartedMain] o.s.b.d.a.OptionalLiveReloadServer       : LiveReload server is running on port 35729
2026-02-22T00:55:42.043+05:30  INFO 22896 --- [restartedMain] o.s.b.w.embedded.tomcat.TomcatWebServer  : Tomcat started on port(s): 8083 (http) with context path ''
2026-02-22T00:55:42.053+05:30  INFO 22896 --- [restartedMain] c.l.h.HospitalRegistrationApplication    : Started HospitalRegistrationApplication in 3.786 seconds (process running for 4.465)
2026-02-22T01:11:45.544+05:30  INFO 22896 --- [http-nio-8083-exec-1] o.a.c.c.C.[Tomcat].[localhost].[/]       : Initializing Spring DispatcherServlet 'dispatcherServlet'
2026-02-22T01:11:45.545+05:30  INFO 22896 --- [http-nio-8083-exec-1] o.s.web.servlet.DispatcherServlet        : Initializing Servlet 'dispatcherServlet'
2026-02-22T01:11:45.548+05:30  INFO 22896 --- [http-nio-8083-exec-1] o.s.web.servlet.DispatcherServlet        : Completed initialization in 3 ms
2026-02-22T01:11:56.282+05:30  INFO 22896 --- [http-nio-8083-exec-4] c.l.h.c.HospitalRegistrationController   : Fetching data for hospital UID: 547afed7-1c9b-4700-be3a-eecf968d85d7
2026-02-22T01:11:56.495+05:30  INFO 22896 --- [http-nio-8083-exec-5] c.l.h.c.HospitalRegistrationController   : Fetching data for hospital UID: 547afed7-1c9b-4700-be3a-eecf968d85d7
2026-02-22T01:12:09.772+05:30  INFO 22896 --- [http-nio-8083-exec-6] c.l.h.c.HospitalRegistrationController   : Fetching data for hospital UID: 547afed7-1c9b-4700-be3a-eecf968d85d7
2026-02-22T01:12:09.917+05:30  INFO 22896 --- [http-nio-8083-exec-7] c.l.h.c.HospitalRegistrationController   : Fetching data for hospital UID: 547afed7-1c9b-4700-be3a-eecf968d85d7
2026-02-22T01:12:40.816+05:30  INFO 22896 --- [http-nio-8083-exec-8] c.l.h.c.HospitalRegistrationController   : Fetching data for hospital UID: 547afed7-1c9b-4700-be3a-eecf968d85d7
2026-02-22T01:12:40.967+05:30  INFO 22896 --- [http-nio-8083-exec-9] c.l.h.c.HospitalRegistrationController   : Fetching data for hospital UID: 547afed7-1c9b-4700-be3a-eecf968d85d7
2026-02-22T01:17:14.320+05:30  INFO 22896 --- [http-nio-8083-exec-2] c.l.h.c.HospitalRegistrationController   : Fetching data for hospital UID: 547afed7-1c9b-4700-be3a-eecf968d85d7
2026-02-22T01:17:15.506+05:30  INFO 22896 --- [http-nio-8083-exec-3] c.l.h.c.HospitalRegistrationController   : Fetching data for hospital UID: 547afed7-1c9b-4700-be3a-eecf968d85d7
2026-02-22T01:18:29.131+05:30  INFO 22896 --- [http-nio-8083-exec-5] c.l.h.c.HospitalRegistrationController   : Fetching data for hospital UID: 547afed7-1c9b-4700-be3a-eecf968d85d7
2026-02-22T01:18:29.519+05:30  INFO 22896 --- [http-nio-8083-exec-6] c.l.h.c.HospitalRegistrationController   : Fetching data for hospital UID: 547afed7-1c9b-4700-be3a-eecf968d85d7
2026-02-22T01:21:15.255+05:30  INFO 7580 --- [restartedMain] c.l.h.HospitalRegistrationApplication    : Starting HospitalRegistrationApplication using Java 17.0.15 with PID 7580 (D:\HNDSE\final\LifeLink-Backend\hospital-ms\target\classes started by Kalpa in D:\HNDSE\final\LifeLink-Backend\hospital-ms)
2026-02-22T01:21:15.258+05:30  INFO 7580 --- [restartedMain] c.l.h.HospitalRegistrationApplication    : No active profile set, falling back to 1 default profile: "default"
2026-02-22T01:21:15.331+05:30  INFO 7580 --- [restartedMain] .e.DevToolsPropertyDefaultsPostProcessor : Devtools property defaults active! Set 'spring.devtools.add-properties' to 'false' to disable
2026-02-22T01:21:15.332+05:30  INFO 7580 --- [restartedMain] .e.DevToolsPropertyDefaultsPostProcessor : For additional web related logging consider setting the 'logging.level.web' property to 'DEBUG'
2026-02-22T01:21:16.706+05:30  INFO 7580 --- [restartedMain] o.s.b.w.embedded.tomcat.TomcatWebServer  : Tomcat initialized with port(s): 8083 (http)
2026-02-22T01:21:16.719+05:30  INFO 7580 --- [restartedMain] o.apache.catalina.core.StandardService   : Starting service [Tomcat]
2026-02-22T01:21:16.720+05:30  INFO 7580 --- [restartedMain] o.apache.catalina.core.StandardEngine    : Starting Servlet engine: [Apache Tomcat/10.1.15]
2026-02-22T01:21:16.809+05:30  INFO 7580 --- [restartedMain] o.a.c.c.C.[Tomcat].[localhost].[/]       : Initializing Spring embedded WebApplicationContext
2026-02-22T01:21:16.809+05:30  INFO 7580 --- [restartedMain] w.s.c.ServletWebServerApplicationContext : Root WebApplicationContext: initialization completed in 1477 ms
2026-02-22T01:21:17.959+05:30  INFO 7580 --- [restartedMain] o.s.b.d.a.OptionalLiveReloadServer       : LiveReload server is running on port 35729
2026-02-22T01:21:17.986+05:30  INFO 7580 --- [restartedMain] o.s.b.w.embedded.tomcat.TomcatWebServer  : Tomcat started on port(s): 8083 (http) with context path ''
2026-02-22T01:21:17.996+05:30  INFO 7580 --- [restartedMain] c.l.h.HospitalRegistrationApplication    : Started HospitalRegistrationApplication in 3.266 seconds (process running for 3.859)
2026-02-22T01:21:24.826+05:30  INFO 7580 --- [http-nio-8083-exec-1] o.a.c.c.C.[Tomcat].[localhost].[/]       : Initializing Spring DispatcherServlet 'dispatcherServlet'
2026-02-22T01:21:24.827+05:30  INFO 7580 --- [http-nio-8083-exec-1] o.s.web.servlet.DispatcherServlet        : Initializing Servlet 'dispatcherServlet'
2026-02-22T01:21:24.829+05:30  INFO 7580 --- [http-nio-8083-exec-1] o.s.web.servlet.DispatcherServlet        : Completed initialization in 2 ms
2026-02-22T01:21:24.910+05:30  INFO 7580 --- [http-nio-8083-exec-1] c.l.h.c.HospitalRegistrationController   : Fetching data for hospital UID: 547afed7-1c9b-4700-be3a-eecf968d85d7
2026-02-22T01:21:29.796+05:30  INFO 7580 --- [http-nio-8083-exec-2] c.l.h.c.HospitalRegistrationController   : Fetching data for hospital UID: 547afed7-1c9b-4700-be3a-eecf968d85d7
2026-02-22T01:22:51.626+05:30  INFO 7580 --- [http-nio-8083-exec-4] c.l.h.c.HospitalRegistrationController   : Fetching data for hospital UID: 547afed7-1c9b-4700-be3a-eecf968d85d7
2026-02-22T01:22:52.010+05:30  INFO 7580 --- [http-nio-8083-exec-5] c.l.h.c.HospitalRegistrationController   : Fetching data for hospital UID: 547afed7-1c9b-4700-be3a-eecf968d85d7
2026-02-22T01:27:40.262+05:30  INFO 7580 --- [http-nio-8083-exec-7] c.l.h.c.HospitalRegistrationController   : Fetching data for hospital UID: 547afed7-1c9b-4700-be3a-eecf968d85d7
2026-02-22T01:27:41.487+05:30  INFO 7580 --- [http-nio-8083-exec-8] c.l.h.c.HospitalRegistrationController   : Fetching data for hospital UID: 547afed7-1c9b-4700-be3a-eecf968d85d7
2026-02-22T01:27:53.386+05:30  INFO 7580 --- [http-nio-8083-exec-9] c.l.h.c.HospitalRegistrationController   : Fetching data for hospital UID: 547afed7-1c9b-4700-be3a-eecf968d85d7
2026-02-22T01:27:53.678+05:30  INFO 7580 --- [http-nio-8083-exec-10] c.l.h.c.HospitalRegistrationController   : Fetching data for hospital UID: 547afed7-1c9b-4700-be3a-eecf968d85d7
2026-02-22T01:28:53.995+05:30  INFO 7580 --- [http-nio-8083-exec-1] c.l.h.c.HospitalRegistrationController   : Received hospital registration request for: Gomez Hospital
2026-02-22T01:28:54.752+05:30  INFO 7580 --- [http-nio-8083-exec-1] c.l.h.service.LocalStorageService        : Saved verification doc locally: D:\HNDSE\final\LifeLink-Backend\hospital-ms\uploads\Gomez_Hospital\3afb3f2f-3c98-4933-89db-9a8793b4379d.png
2026-02-22T01:28:55.321+05:30  INFO 7580 --- [http-nio-8083-exec-1] c.l.h.s.HospitalRegistrationService      : Hospital registered successfully with ID: dc414088-e0f9-409a-b6d8-73fb334ccecd
2026-02-22T01:30:12.978+05:30  INFO 7580 --- [http-nio-8083-exec-4] c.l.h.c.HospitalRegistrationController   : Fetching data for hospital UID: dc414088-e0f9-409a-b6d8-73fb334ccecd
2026-02-22T01:30:13.278+05:30  INFO 7580 --- [http-nio-8083-exec-5] c.l.h.c.HospitalRegistrationController   : Fetching data for hospital UID: dc414088-e0f9-409a-b6d8-73fb334ccecd
2026-02-22T01:30:34.052+05:30  INFO 7580 --- [http-nio-8083-exec-6] c.l.h.c.HospitalRegistrationController   : Fetching data for hospital UID: dc414088-e0f9-409a-b6d8-73fb334ccecd
2026-02-22T01:30:34.385+05:30  INFO 7580 --- [http-nio-8083-exec-7] c.l.h.c.HospitalRegistrationController   : Fetching data for hospital UID: dc414088-e0f9-409a-b6d8-73fb334ccecd
2026-02-22T01:35:23.810+05:30  INFO 7580 --- [http-nio-8083-exec-9] c.l.h.c.HospitalRegistrationController   : Fetching data for hospital UID: dc414088-e0f9-409a-b6d8-73fb334ccecd
2026-02-22T01:35:24.948+05:30  INFO 7580 --- [http-nio-8083-exec-10] c.l.h.c.HospitalRegistrationController   : Fetching data for hospital UID: dc414088-e0f9-409a-b6d8-73fb334ccecd
